<?xml version="1.0" encoding="UTF-8"?>
<!-- Generated by org.testng.reporters.JUnitXMLReporter -->
<testsuite ignored="0" hostname="DESKTOP-HC1O4RU" failures="0" tests="4" name="Default test" time="8.98" errors="0" timestamp="2024-05-17T22:50:01 IST">
  <testcase classname="api.test.UserTest" name="testPostUser" time="4.779"/>
  <testcase classname="api.test.UserTest" name="testGettUser" time="1.217"/>
  <testcase classname="api.test.UserTest" name="testUpdateUser" time="1.16"/>
  <testcase classname="api.test.UserTest" name="testDeleteUser" time="1.317"/>
</testsuite> <!-- Default test -->
