<?xml version="1.0" encoding="UTF-8"?>
<!-- Generated by org.testng.reporters.JUnitXMLReporter -->
<testsuite ignored="0" hostname="DESKTOP-HC1O4RU" failures="0" tests="4" name="Test" time="9.772" errors="0" timestamp="2024-05-18T19:03:12 IST">
  <testcase classname="api.test.UserTest" name="testPostUser" time="4.229"/>
  <testcase classname="api.test.UserTest" name="testGetUser" time="1.21"/>
  <testcase classname="api.test.UserTest" name="testUpdateUser" time="1.229"/>
  <testcase classname="api.test.UserTest" name="testDeleteUser" time="1.203"/>
</testsuite> <!-- Test -->
