<?xml version="1.0" encoding="UTF-8"?>
<testng-results ignored="0" total="4" passed="4" failed="0" skipped="0">
  <reporter-output>
  </reporter-output>
  <suite started-at="2024-05-18T19:21:28 IST" name="Suite" finished-at="2024-05-18T19:21:41 IST" duration-ms="13269">
    <groups>
    </groups>
    <test started-at="2024-05-18T19:21:28 IST" name="Test" finished-at="2024-05-18T19:21:41 IST" duration-ms="13269">
      <class name="api.test.UserTest">
        <test-method is-config="true" signature="setupData()[pri:0, instance:api.test.UserTest@7c7b252e]" started-at="2024-05-18T19:21:29 IST" name="setupData" finished-at="2024-05-18T19:21:31 IST" duration-ms="2051" status="PASS">
          <reporter-output>
          </reporter-output>
        </test-method> <!-- setupData -->
        <test-method signature="testPostUser()[pri:1, instance:api.test.UserTest@7c7b252e]" started-at="2024-05-18T19:21:31 IST" name="testPostUser" finished-at="2024-05-18T19:21:37 IST" duration-ms="6526" status="PASS">
          <reporter-output>
          </reporter-output>
        </test-method> <!-- testPostUser -->
        <test-method signature="testGetUser()[pri:2, instance:api.test.UserTest@7c7b252e]" started-at="2024-05-18T19:21:37 IST" name="testGetUser" finished-at="2024-05-18T19:21:38 IST" duration-ms="1234" status="PASS">
          <reporter-output>
          </reporter-output>
        </test-method> <!-- testGetUser -->
        <test-method signature="testUpdateUser()[pri:3, instance:api.test.UserTest@7c7b252e]" started-at="2024-05-18T19:21:38 IST" name="testUpdateUser" finished-at="2024-05-18T19:21:40 IST" duration-ms="1169" status="PASS">
          <reporter-output>
          </reporter-output>
        </test-method> <!-- testUpdateUser -->
        <test-method signature="testDeleteUser()[pri:4, instance:api.test.UserTest@7c7b252e]" started-at="2024-05-18T19:21:40 IST" name="testDeleteUser" finished-at="2024-05-18T19:21:41 IST" duration-ms="1208" status="PASS">
          <reporter-output>
          </reporter-output>
        </test-method> <!-- testDeleteUser -->
      </class> <!-- api.test.UserTest -->
    </test> <!-- Test -->
  </suite> <!-- Suite -->
</testng-results>
