<?xml version="1.0" encoding="UTF-8"?>
<testng-results ignored="0" total="4" passed="4" failed="0" skipped="0">
  <reporter-output>
  </reporter-output>
  <suite started-at="2024-05-18T19:03:02 IST" name="Suite" finished-at="2024-05-18T19:03:12 IST" duration-ms="9772">
    <groups>
    </groups>
    <test started-at="2024-05-18T19:03:02 IST" name="Test" finished-at="2024-05-18T19:03:12 IST" duration-ms="9772">
      <class name="api.test.UserTest">
        <test-method is-config="true" signature="setupData()[pri:0, instance:api.test.UserTest@4d5d943d]" started-at="2024-05-18T19:03:02 IST" name="setupData" finished-at="2024-05-18T19:03:04 IST" duration-ms="1304" status="PASS">
          <reporter-output>
          </reporter-output>
        </test-method> <!-- setupData -->
        <test-method signature="testPostUser()[pri:1, instance:api.test.UserTest@4d5d943d]" started-at="2024-05-18T19:03:04 IST" name="testPostUser" finished-at="2024-05-18T19:03:08 IST" duration-ms="4229" status="PASS">
          <reporter-output>
          </reporter-output>
        </test-method> <!-- testPostUser -->
        <test-method signature="testGetUser()[pri:2, instance:api.test.UserTest@4d5d943d]" started-at="2024-05-18T19:03:08 IST" name="testGetUser" finished-at="2024-05-18T19:03:09 IST" duration-ms="1210" status="PASS">
          <reporter-output>
          </reporter-output>
        </test-method> <!-- testGetUser -->
        <test-method signature="testUpdateUser()[pri:3, instance:api.test.UserTest@4d5d943d]" started-at="2024-05-18T19:03:09 IST" name="testUpdateUser" finished-at="2024-05-18T19:03:10 IST" duration-ms="1229" status="PASS">
          <reporter-output>
          </reporter-output>
        </test-method> <!-- testUpdateUser -->
        <test-method signature="testDeleteUser()[pri:4, instance:api.test.UserTest@4d5d943d]" started-at="2024-05-18T19:03:11 IST" name="testDeleteUser" finished-at="2024-05-18T19:03:12 IST" duration-ms="1203" status="PASS">
          <reporter-output>
          </reporter-output>
        </test-method> <!-- testDeleteUser -->
      </class> <!-- api.test.UserTest -->
    </test> <!-- Test -->
  </suite> <!-- Suite -->
</testng-results>
